[0.482s] Invoking command in '/mnt/Volume/Github/DroneDockingSim/ros2_ws/build/drone_docking_sim': DEBUGINFOD_URLS=https://debuginfod.fedoraproject.org/ PS1=(venv) 📦[\u@gazebo \W]$ PYTHONPATH=/mnt/Volume/Github/DroneDockingSim/ros2_ws/build/drone_docking_sim/prefix_override:/usr/lib/python3/dist-packages/colcon_core/task/python/colcon_distutils_commands:/mnt/Volume/Github/DroneDockingSim/ros2_ws/install/drone_docking_sim/lib/python3.12/site-packages:${PYTHONPATH} VIRTUAL_ENV_PROMPT=(venv) /usr/bin/python3 -W ignore:setup.py install is deprecated -W ignore:easy_install command is deprecated setup.py develop --editable --build-directory /mnt/Volume/Github/DroneDockingSim/ros2_ws/build/drone_docking_sim/build --no-deps symlink_data
[0.674s] running develop
[0.784s] running egg_info
[0.784s] creating drone_docking_sim.egg-info
[0.794s] writing drone_docking_sim.egg-info/PKG-INFO
[0.794s] writing dependency_links to drone_docking_sim.egg-info/dependency_links.txt
[0.794s] writing entry points to drone_docking_sim.egg-info/entry_points.txt
[0.794s] writing requirements to drone_docking_sim.egg-info/requires.txt
[0.794s] writing top-level names to drone_docking_sim.egg-info/top_level.txt
[0.794s] writing manifest file 'drone_docking_sim.egg-info/SOURCES.txt'
[0.815s] reading manifest file 'drone_docking_sim.egg-info/SOURCES.txt'
[0.815s] writing manifest file 'drone_docking_sim.egg-info/SOURCES.txt'
[0.826s] running build_ext
[0.826s] Creating /mnt/Volume/Github/DroneDockingSim/ros2_ws/install/drone_docking_sim/lib/python3.12/site-packages/drone-docking-sim.egg-link (link to .)
[0.826s] Installing two_drones_script script to /mnt/Volume/Github/DroneDockingSim/ros2_ws/install/drone_docking_sim/lib/drone_docking_sim
[0.826s] 
[0.826s] Installed /mnt/Volume/Github/DroneDockingSim/ros2_ws/build/drone_docking_sim
[0.826s] running symlink_data
[0.826s] creating /mnt/Volume/Github/DroneDockingSim/ros2_ws/install/drone_docking_sim/share/ament_index
[0.826s] creating /mnt/Volume/Github/DroneDockingSim/ros2_ws/install/drone_docking_sim/share/ament_index/resource_index
[0.826s] creating /mnt/Volume/Github/DroneDockingSim/ros2_ws/install/drone_docking_sim/share/ament_index/resource_index/packages
[0.826s] symbolically linking /mnt/Volume/Github/DroneDockingSim/ros2_ws/build/drone_docking_sim/resource/drone_docking_sim -> /mnt/Volume/Github/DroneDockingSim/ros2_ws/install/drone_docking_sim/share/ament_index/resource_index/packages
[0.827s] symbolically linking /mnt/Volume/Github/DroneDockingSim/ros2_ws/build/drone_docking_sim/package.xml -> /mnt/Volume/Github/DroneDockingSim/ros2_ws/install/drone_docking_sim/share/drone_docking_sim
[0.827s] creating /mnt/Volume/Github/DroneDockingSim/ros2_ws/install/drone_docking_sim/share/drone_docking_sim/launch
[0.827s] symbolically linking /mnt/Volume/Github/DroneDockingSim/ros2_ws/build/drone_docking_sim/launch/bringup_two_drones.launch.py -> /mnt/Volume/Github/DroneDockingSim/ros2_ws/install/drone_docking_sim/share/drone_docking_sim/launch
[0.827s] symbolically linking /mnt/Volume/Github/DroneDockingSim/ros2_ws/build/drone_docking_sim/launch/two_drones_gz.launch.py -> /mnt/Volume/Github/DroneDockingSim/ros2_ws/install/drone_docking_sim/share/drone_docking_sim/launch
[0.827s] symbolically linking /mnt/Volume/Github/DroneDockingSim/ros2_ws/build/drone_docking_sim/launch/two_sitl.launch.py -> /mnt/Volume/Github/DroneDockingSim/ros2_ws/install/drone_docking_sim/share/drone_docking_sim/launch
[0.827s] creating /mnt/Volume/Github/DroneDockingSim/ros2_ws/install/drone_docking_sim/share/drone_docking_sim/worlds
[0.827s] symbolically linking /mnt/Volume/Github/DroneDockingSim/ros2_ws/build/drone_docking_sim/worlds/two_iris.sdf -> /mnt/Volume/Github/DroneDockingSim/ros2_ws/install/drone_docking_sim/share/drone_docking_sim/worlds
[0.827s] creating /mnt/Volume/Github/DroneDockingSim/ros2_ws/install/drone_docking_sim/share/drone_docking_sim/scripts
[0.827s] symbolically linking /mnt/Volume/Github/DroneDockingSim/ros2_ws/build/drone_docking_sim/scripts/env_gz.sh -> /mnt/Volume/Github/DroneDockingSim/ros2_ws/install/drone_docking_sim/share/drone_docking_sim/scripts
[0.827s] symbolically linking /mnt/Volume/Github/DroneDockingSim/ros2_ws/build/drone_docking_sim/scripts/mavproxy-multi-vehicle.sh -> /mnt/Volume/Github/DroneDockingSim/ros2_ws/install/drone_docking_sim/share/drone_docking_sim/scripts
[0.827s] symbolically linking /mnt/Volume/Github/DroneDockingSim/ros2_ws/build/drone_docking_sim/scripts/run_two_sitl.sh -> /mnt/Volume/Github/DroneDockingSim/ros2_ws/install/drone_docking_sim/share/drone_docking_sim/scripts
[0.842s] Invoked command in '/mnt/Volume/Github/DroneDockingSim/ros2_ws/build/drone_docking_sim' returned '0': DEBUGINFOD_URLS=https://debuginfod.fedoraproject.org/ PS1=(venv) 📦[\u@gazebo \W]$ PYTHONPATH=/mnt/Volume/Github/DroneDockingSim/ros2_ws/build/drone_docking_sim/prefix_override:/usr/lib/python3/dist-packages/colcon_core/task/python/colcon_distutils_commands:/mnt/Volume/Github/DroneDockingSim/ros2_ws/install/drone_docking_sim/lib/python3.12/site-packages:${PYTHONPATH} VIRTUAL_ENV_PROMPT=(venv) /usr/bin/python3 -W ignore:setup.py install is deprecated -W ignore:easy_install command is deprecated setup.py develop --editable --build-directory /mnt/Volume/Github/DroneDockingSim/ros2_ws/build/drone_docking_sim/build --no-deps symlink_data
